<?xml version="1.0" encoding="UTF-8"?>
<!-- Generated by org.testng.reporters.JUnitXMLReporter -->
<testsuite hostname="acer-PC" name="LoginTest" tests="2" failures="1" timestamp="15 Oct 2018 19:04:56 GMT" time="383.515" errors="0">
  <testcase name="postMessageTest" time="86.935" classname="testcases.FacebookLoginTest">
    <failure type="java.lang.NullPointerException">
      <![CDATA[java.lang.NullPointerException
	at pages.UserHomePage.postStatus(UserHomePage.java:50)
	at testcases.FacebookLoginTest.postMessageTest(FacebookLoginTest.java:33)
... Removed 28 stack frames]]>
    </failure>
  </testcase> <!-- postMessageTest -->
  <testcase name="postedonProfileTest" time="19.96" classname="testcases.FacebookLoginTest"/>
</testsuite> <!-- LoginTest -->
