-------------------------------------------------------------------------------
Test set: TestSuite
-------------------------------------------------------------------------------
Tests run: 2, Failures: 1, Errors: 0, Skipped: 0, Time elapsed: 398.118 s <<< FAILURE! - in TestSuite
postMessageTest(testcases.FacebookLoginTest)  Time elapsed: 95.663 s  <<< FAILURE!
java.lang.NullPointerException
	at testcases.FacebookLoginTest.postMessageTest(FacebookLoginTest.java:33)

