<?xml version="1.0" encoding="UTF-8"?>
<testng-results skipped="0" failed="1" total="2" passed="1">
  <reporter-output>
  </reporter-output>
  <suite name="Facebook_LoginTest" duration-ms="383515" started-at="2018-10-15T18:58:27Z" finished-at="2018-10-15T19:04:51Z">
    <groups>
    </groups>
    <test name="LoginTest" duration-ms="383515" started-at="2018-10-15T18:58:27Z" finished-at="2018-10-15T19:04:51Z">
      <class name="testcases.FacebookLoginTest">
        <test-method status="PASS" signature="setup()[pri:0, instance:testcases.FacebookLoginTest@115b42e]" name="setup" is-config="true" duration-ms="116707" started-at="2018-10-16T00:28:27Z" finished-at="2018-10-16T00:30:24Z">
          <reporter-output>
          </reporter-output>
        </test-method> <!-- setup -->
        <test-method status="FAIL" signature="postMessageTest()[pri:0, instance:testcases.FacebookLoginTest@115b42e]" name="postMessageTest" duration-ms="86935" started-at="2018-10-16T00:30:24Z" finished-at="2018-10-16T00:31:51Z">
          <exception class="java.lang.NullPointerException">
            <full-stacktrace>
              <![CDATA[java.lang.NullPointerException
	at pages.UserHomePage.postStatus(UserHomePage.java:50)
	at testcases.FacebookLoginTest.postMessageTest(FacebookLoginTest.java:33)
	at sun.reflect.NativeMethodAccessorImpl.invoke0(Native Method)
	at sun.reflect.NativeMethodAccessorImpl.invoke(Unknown Source)
	at sun.reflect.DelegatingMethodAccessorImpl.invoke(Unknown Source)
	at java.lang.reflect.Method.invoke(Unknown Source)
	at org.testng.internal.MethodInvocationHelper.invokeMethod(MethodInvocationHelper.java:86)
	at org.testng.internal.Invoker.invokeMethod(Invoker.java:643)
	at org.testng.internal.Invoker.invokeTestMethod(Invoker.java:820)
	at org.testng.internal.Invoker.invokeTestMethods(Invoker.java:1128)
	at org.testng.internal.TestMethodWorker.invokeTestMethods(TestMethodWorker.java:129)
	at org.testng.internal.TestMethodWorker.run(TestMethodWorker.java:112)
	at org.testng.TestRunner.privateRun(TestRunner.java:782)
	at org.testng.TestRunner.run(TestRunner.java:632)
	at org.testng.SuiteRunner.runTest(SuiteRunner.java:366)
	at org.testng.SuiteRunner.runSequentially(SuiteRunner.java:361)
	at org.testng.SuiteRunner.privateRun(SuiteRunner.java:319)
	at org.testng.SuiteRunner.run(SuiteRunner.java:268)
	at org.testng.SuiteRunnerWorker.runSuite(SuiteRunnerWorker.java:52)
	at org.testng.SuiteRunnerWorker.run(SuiteRunnerWorker.java:86)
	at org.testng.TestNG.runSuitesSequentially(TestNG.java:1244)
	at org.testng.TestNG.runSuitesLocally(TestNG.java:1169)
	at org.testng.TestNG.run(TestNG.java:1064)
	at org.apache.maven.surefire.testng.TestNGExecutor.run(TestNGExecutor.java:283)
	at org.apache.maven.surefire.testng.TestNGXmlTestSuite.execute(TestNGXmlTestSuite.java:75)
	at org.apache.maven.surefire.testng.TestNGProvider.invoke(TestNGProvider.java:120)
	at org.apache.maven.surefire.booter.ForkedBooter.invokeProviderInSameClassLoader(ForkedBooter.java:384)
	at org.apache.maven.surefire.booter.ForkedBooter.runSuitesInProcess(ForkedBooter.java:345)
	at org.apache.maven.surefire.booter.ForkedBooter.execute(ForkedBooter.java:126)
	at org.apache.maven.surefire.booter.ForkedBooter.main(ForkedBooter.java:418)
]]>
            </full-stacktrace>
          </exception> <!-- java.lang.NullPointerException -->
          <reporter-output>
          </reporter-output>
        </test-method> <!-- postMessageTest -->
        <test-method status="PASS" signature="tearDown()[pri:0, instance:testcases.FacebookLoginTest@115b42e]" name="tearDown" is-config="true" duration-ms="6929" started-at="2018-10-16T00:31:54Z" finished-at="2018-10-16T00:32:01Z">
          <reporter-output>
          </reporter-output>
        </test-method> <!-- tearDown -->
        <test-method status="PASS" signature="setup()[pri:0, instance:testcases.FacebookLoginTest@115b42e]" name="setup" is-config="true" duration-ms="148043" started-at="2018-10-16T00:32:01Z" finished-at="2018-10-16T00:34:29Z">
          <reporter-output>
          </reporter-output>
        </test-method> <!-- setup -->
        <test-method status="PASS" signature="postedonProfileTest()[pri:0, instance:testcases.FacebookLoginTest@115b42e]" name="postedonProfileTest" duration-ms="19960" started-at="2018-10-16T00:34:29Z" finished-at="2018-10-16T00:34:49Z">
          <reporter-output>
          </reporter-output>
        </test-method> <!-- postedonProfileTest -->
        <test-method status="PASS" signature="tearDown()[pri:0, instance:testcases.FacebookLoginTest@115b42e]" name="tearDown" is-config="true" duration-ms="1910" started-at="2018-10-16T00:34:49Z" finished-at="2018-10-16T00:34:51Z">
          <reporter-output>
          </reporter-output>
        </test-method> <!-- tearDown -->
      </class> <!-- testcases.FacebookLoginTest -->
    </test> <!-- LoginTest -->
  </suite> <!-- Facebook_LoginTest -->
</testng-results>
