<?xml version="1.0" encoding="UTF-8"?>
<testsuite xmlns:xsi="http://www.w3.org/2001/XMLSchema-instance" xsi:noNamespaceSchemaLocation="https://maven.apache.org/surefire/maven-surefire-plugin/xsd/surefire-test-report.xsd" name="TestSuite" time="398.118" tests="2" errors="0" skipped="0" failures="1">
  <properties>
[...]
</properties>
  <testcase name="postMessageTest" classname="testcases.FacebookLoginTest" time="95.663">
    <failure type="java.lang.NullPointerException">java.lang.NullPointerException
	at testcases.FacebookLoginTest.postMessageTest(FacebookLoginTest.java:33)
</failure>
    <system-err><![CDATA[Starting ChromeDriver 2.41.578737 (49da6702b16031c40d63e5618de03a32ff6c197e) on port 37965
Only local connections are allowed.
Oct 16, 2018 12:29:14 AM org.openqa.selenium.remote.ProtocolHandshake createSession
INFO: Detected dialect: OSS
]]></system-err>
  </testcase>
  <testcase name="postedonProfileTest" classname="testcases.FacebookLoginTest" time="19.926"/>
</testsuite>